<?xml version="1.0" encoding="UTF-8"?>
<!-- Generated by org.testng.reporters.JUnitXMLReporter -->
<testsuite hostname="Qaplanet-PC" ignored="0" name="test1" tests="7" failures="7" timestamp="29 May 2019 14:13:21 GMT" time="9.208" errors="0">
  <testcase name="ex1" time="0.016" classname="DataDrivenFrame.Tc_1">
    <failure type="java.lang.NullPointerException">
      <![CDATA[java.lang.NullPointerException
at DataDrivenFrame.Tc_1.ex1(Tc_1.java:34)
... Removed 25 stack frames]]>
    </failure>
  </testcase> <!-- ex1 -->
  <testcase name="ex2" time="0.005" classname="DataDrivenFrame.Tc_2">
    <failure type="java.lang.NullPointerException">
      <![CDATA[java.lang.NullPointerException
at DataDrivenFrame.Tc_2.ex2(Tc_2.java:33)
... Removed 25 stack frames]]>
    </failure>
  </testcase> <!-- ex2 -->
  <testcase name="ex3" time="0.001" classname="DataDrivenFrame.Tc_3">
    <failure type="java.lang.NullPointerException">
      <![CDATA[java.lang.NullPointerException
at DataDrivenFrame.Tc_3.ex3(Tc_3.java:35)
... Removed 25 stack frames]]>
    </failure>
  </testcase> <!-- ex3 -->
  <testcase name="Tc4" time="0.001" classname="DataDrivenFrame.Tc_4">
    <failure type="java.lang.NullPointerException">
      <![CDATA[java.lang.NullPointerException
at DataDrivenFrame.Tc_4.Tc4(Tc_4.java:32)
... Removed 25 stack frames]]>
    </failure>
  </testcase> <!-- Tc4 -->
  <testcase name="Tc5" time="3.057" classname="DataDrivenFrame.Tc_5">
    <failure type="java.lang.NullPointerException">
      <![CDATA[java.lang.NullPointerException
at DataDrivenFrame.Tc_5.Tc5(Tc_5.java:31)
... Removed 25 stack frames]]>
    </failure>
  </testcase> <!-- Tc5 -->
  <testcase name="Tc6" time="2.699" classname="DataDrivenFrame.Tc_6">
    <failure type="java.lang.NullPointerException">
      <![CDATA[java.lang.NullPointerException
at DataDrivenFrame.Tc_6.Tc6(Tc_6.java:32)
... Removed 25 stack frames]]>
    </failure>
  </testcase> <!-- Tc6 -->
  <testcase name="Tc7" time="3.402" classname="DataDrivenFrame.Tc_7">
    <failure type="java.lang.NullPointerException">
      <![CDATA[java.lang.NullPointerException
at DataDrivenFrame.Tc_7.Tc7(Tc_7.java:33)
... Removed 25 stack frames]]>
    </failure>
  </testcase> <!-- Tc7 -->
</testsuite> <!-- test1 -->
