<?xml version="1.0" encoding="UTF-8"?>
<testng-results skipped="0" failed="0" ignored="0" total="1" passed="1">
  <reporter-output>
  </reporter-output>
  <suite name="Default suite" duration-ms="14373" started-at="2019-05-29T14:14:16Z" finished-at="2019-05-29T14:14:31Z">
    <groups>
      <group name="qap1">
        <method signature="Tc_1.ex1()[pri:0, instance:DataDrivenFrame.Tc_1@19a81e8]" name="ex1" class="DataDrivenFrame.Tc_1"/>
      </group> <!-- qap1 -->
    </groups>
    <test name="Default test" duration-ms="14373" started-at="2019-05-29T14:14:16Z" finished-at="2019-05-29T14:14:31Z">
      <class name="DataDrivenFrame.Tc_1">
        <test-method status="PASS" signature="ex()[pri:0, instance:DataDrivenFrame.Tc_1@19a81e8]" name="ex" is-config="true" duration-ms="15" started-at="2019-05-29T14:14:16Z" finished-at="2019-05-29T14:14:16Z">
          <reporter-output>
          </reporter-output>
        </test-method> <!-- ex -->
        <test-method status="PASS" signature="ex1()[pri:0, instance:DataDrivenFrame.Tc_1@19a81e8]" name="ex1" duration-ms="14355" started-at="2019-05-29T14:14:16Z" finished-at="2019-05-29T14:14:31Z">
          <reporter-output>
          </reporter-output>
        </test-method> <!-- ex1 -->
      </class> <!-- DataDrivenFrame.Tc_1 -->
    </test> <!-- Default test -->
  </suite> <!-- Default suite -->
</testng-results>
